-------------------------------------------------------------------------------
Test set: org.phenotips.variantStoreIntegration.VCFUploadManagerTest
-------------------------------------------------------------------------------
Tests run: 1, Failures: 0, Errors: 1, Skipped: 0, Time elapsed: 0.047 sec <<< FAILURE! - in org.phenotips.variantStoreIntegration.VCFUploadManagerTest
testVCFUpload(org.phenotips.variantStoreIntegration.VCFUploadManagerTest)  Time elapsed: 0.047 sec  <<< ERROR!
java.lang.RuntimeException: Couldn't find roles for component [null]
	at org.xwiki.test.mockito.MockitoComponentMockingRule.findComponentRoleType(MockitoComponentMockingRule.java:324)
	at org.xwiki.test.mockito.MockitoComponentMockingRule.mockComponent(MockitoComponentMockingRule.java:234)
	at org.xwiki.test.mockito.MockitoComponentMockingRule.before(MockitoComponentMockingRule.java:222)
	at org.xwiki.test.mockito.MockitoComponentMockingRule$1.evaluate(MockitoComponentMockingRule.java:198)
	at org.junit.runners.ParentRunner.runLeaf(ParentRunner.java:271)
	at org.junit.runners.BlockJUnit4ClassRunner.runChild(BlockJUnit4ClassRunner.java:70)
	at org.junit.runners.BlockJUnit4ClassRunner.runChild(BlockJUnit4ClassRunner.java:50)
	at org.junit.runners.ParentRunner$3.run(ParentRunner.java:238)
	at org.apache.maven.surefire.junitcore.pc.Scheduler$1.run(Scheduler.java:387)
	at java.util.concurrent.Executors$RunnableAdapter.call(Executors.java:511)
	at java.util.concurrent.FutureTask.run(FutureTask.java:266)
	at java.util.concurrent.ThreadPoolExecutor.runWorker(ThreadPoolExecutor.java:1142)
	at java.util.concurrent.ThreadPoolExecutor$Worker.run(ThreadPoolExecutor.java:617)
	at java.lang.Thread.run(Thread.java:745)

